  [1m[35m (264.7ms)[0m  [1m[35mCREATE DATABASE "Todo_List_development" ENCODING = 'unicode'[0m
  ↳ bin/rails:9
  [1m[35m (121.1ms)[0m  [1m[35mCREATE DATABASE "Todo_List_test" ENCODING = 'unicode'[0m
  ↳ bin/rails:9
  [1m[35m (53.4ms)[0m  [1m[35mCREATE TABLE "schema_migrations" ("version" character varying NOT NULL PRIMARY KEY)[0m
  ↳ bin/rails:9
  [1m[35m (86.3ms)[0m  [1m[35mCREATE TABLE "ar_internal_metadata" ("key" character varying NOT NULL PRIMARY KEY, "value" character varying, "created_at" timestamp NOT NULL, "updated_at" timestamp NOT NULL)[0m
  ↳ bin/rails:9
  [1m[35m (0.5ms)[0m  [1m[34mSELECT pg_try_advisory_lock(699192537726682650)[0m
  ↳ bin/rails:9
  [1m[35m (0.8ms)[0m  [1m[34mSELECT "schema_migrations"."version" FROM "schema_migrations" ORDER BY "schema_migrations"."version" ASC[0m
  ↳ bin/rails:9
Migrating to CreateTodos (20220414181503)
  [1m[35m (0.3ms)[0m  [1m[35mBEGIN[0m
  ↳ bin/rails:9
  [1m[35m (48.6ms)[0m  [1m[35mCREATE TABLE "todos" ("id" bigserial primary key, "title" character varying NOT NULL, "body" character varying NOT NULL, "done" boolean NOT NULL, "created_at" timestamp NOT NULL, "updated_at" timestamp NOT NULL)[0m
  ↳ db/migrate/20220414181503_create_todos.rb:3
  [1m[35m (1.7ms)[0m  [1m[35mCREATE UNIQUE INDEX  "index_todos_on_title" ON "todos"  ("title")[0m
  ↳ db/migrate/20220414181503_create_todos.rb:9
  [1m[36mActiveRecord::SchemaMigration Create (1.9ms)[0m  [1m[32mINSERT INTO "schema_migrations" ("version") VALUES ($1) RETURNING "version"[0m  [["version", "20220414181503"]]
  ↳ bin/rails:9
  [1m[35m (0.8ms)[0m  [1m[35mCOMMIT[0m
  ↳ bin/rails:9
  [1m[36mActiveRecord::InternalMetadata Load (0.9ms)[0m  [1m[34mSELECT  "ar_internal_metadata".* FROM "ar_internal_metadata" WHERE "ar_internal_metadata"."key" = $1 LIMIT $2[0m  [["key", "environment"], ["LIMIT", 1]]
  ↳ bin/rails:9
  [1m[35m (0.2ms)[0m  [1m[35mBEGIN[0m
  ↳ bin/rails:9
  [1m[36mActiveRecord::InternalMetadata Create (1.4ms)[0m  [1m[32mINSERT INTO "ar_internal_metadata" ("key", "value", "created_at", "updated_at") VALUES ($1, $2, $3, $4) RETURNING "key"[0m  [["key", "environment"], ["value", "development"], ["created_at", "2022-04-14 18:18:12.448152"], ["updated_at", "2022-04-14 18:18:12.448152"]]
  ↳ bin/rails:9
  [1m[35m (40.9ms)[0m  [1m[35mCOMMIT[0m
  ↳ bin/rails:9
  [1m[35m (0.7ms)[0m  [1m[34mSELECT pg_advisory_unlock(699192537726682650)[0m
  ↳ bin/rails:9
  [1m[35m (0.5ms)[0m  [1m[34mSELECT "schema_migrations"."version" FROM "schema_migrations" ORDER BY "schema_migrations"."version" ASC[0m
  ↳ bin/rails:9
Started GET "/users" for ::1 at 2022-04-14 14:41:35 -0400
  [1m[35m (1.3ms)[0m  [1m[34mSELECT "schema_migrations"."version" FROM "schema_migrations" ORDER BY "schema_migrations"."version" ASC[0m
  ↳ /Users/appacademystudent/.rbenv/versions/2.5.1/lib/ruby/gems/2.5.0/gems/activerecord-5.2.7/lib/active_record/log_subscriber.rb:98
  
ActionController::RoutingError (No route matches [GET] "/users"):
  
actionpack (5.2.7) lib/action_dispatch/middleware/debug_exceptions.rb:65:in `call'
web-console (3.7.0) lib/web_console/middleware.rb:135:in `call_app'
web-console (3.7.0) lib/web_console/middleware.rb:30:in `block in call'
web-console (3.7.0) lib/web_console/middleware.rb:20:in `catch'
web-console (3.7.0) lib/web_console/middleware.rb:20:in `call'
actionpack (5.2.7) lib/action_dispatch/middleware/show_exceptions.rb:33:in `call'
railties (5.2.7) lib/rails/rack/logger.rb:38:in `call_app'
railties (5.2.7) lib/rails/rack/logger.rb:26:in `block in call'
activesupport (5.2.7) lib/active_support/tagged_logging.rb:71:in `block in tagged'
activesupport (5.2.7) lib/active_support/tagged_logging.rb:28:in `tagged'
activesupport (5.2.7) lib/active_support/tagged_logging.rb:71:in `tagged'
railties (5.2.7) lib/rails/rack/logger.rb:26:in `call'
sprockets-rails (3.4.2) lib/sprockets/rails/quiet_assets.rb:13:in `call'
actionpack (5.2.7) lib/action_dispatch/middleware/remote_ip.rb:81:in `call'
actionpack (5.2.7) lib/action_dispatch/middleware/request_id.rb:27:in `call'
rack (2.2.3) lib/rack/method_override.rb:24:in `call'
rack (2.2.3) lib/rack/runtime.rb:22:in `call'
activesupport (5.2.7) lib/active_support/cache/strategy/local_cache_middleware.rb:29:in `call'
actionpack (5.2.7) lib/action_dispatch/middleware/executor.rb:14:in `call'
actionpack (5.2.7) lib/action_dispatch/middleware/static.rb:127:in `call'
rack (2.2.3) lib/rack/sendfile.rb:110:in `call'
railties (5.2.7) lib/rails/engine.rb:524:in `call'
puma (3.12.6) lib/puma/configuration.rb:227:in `call'
puma (3.12.6) lib/puma/server.rb:706:in `handle_request'
puma (3.12.6) lib/puma/server.rb:476:in `process_client'
puma (3.12.6) lib/puma/server.rb:334:in `block in run'
puma (3.12.6) lib/puma/thread_pool.rb:135:in `block in spawn_thread'
Started GET "/" for ::1 at 2022-04-14 14:41:39 -0400
Processing by Rails::WelcomeController#index as HTML
  Rendering /Users/appacademystudent/.rbenv/versions/2.5.1/lib/ruby/gems/2.5.0/gems/railties-5.2.7/lib/rails/templates/rails/welcome/index.html.erb
  Rendered /Users/appacademystudent/.rbenv/versions/2.5.1/lib/ruby/gems/2.5.0/gems/railties-5.2.7/lib/rails/templates/rails/welcome/index.html.erb (4.8ms)
Completed 200 OK in 48ms (Views: 24.0ms | ActiveRecord: 0.0ms)


Started GET "/" for ::1 at 2022-04-14 14:44:46 -0400
  [1m[35m (1.2ms)[0m  [1m[34mSELECT "schema_migrations"."version" FROM "schema_migrations" ORDER BY "schema_migrations"."version" ASC[0m
  ↳ /Users/appacademystudent/.rbenv/versions/2.5.1/lib/ruby/gems/2.5.0/gems/activerecord-5.2.7/lib/active_record/log_subscriber.rb:98
Processing by StaticPagesController#root as HTML
  Rendering static_pages/root.html.erb within layouts/application
  Rendered static_pages/root.html.erb within layouts/application (1.8ms)
Completed 200 OK in 1175ms (Views: 1174.4ms | ActiveRecord: 0.0ms)


  [1m[35m (0.2ms)[0m  [1m[35mBEGIN[0m
  [1m[36mTodo Create (21.9ms)[0m  [1m[32mINSERT INTO "todos" ("title", "body", "done", "created_at", "updated_at") VALUES ($1, $2, $3, $4, $5) RETURNING "id"[0m  [["title", "wash something"], ["body", "pls clean up"], ["done", false], ["created_at", "2022-04-14 18:46:16.545395"], ["updated_at", "2022-04-14 18:46:16.545395"]]
  [1m[35m (0.7ms)[0m  [1m[35mCOMMIT[0m
  [1m[35m (1.1ms)[0m  [1m[34mSELECT "schema_migrations"."version" FROM "schema_migrations" ORDER BY "schema_migrations"."version" ASC[0m
  ↳ bin/rails:9
  [1m[35m (0.2ms)[0m  [1m[35mBEGIN[0m
  ↳ db/seeds.rb:8
  [1m[36mTodo Load (0.9ms)[0m  [1m[34mSELECT "todos".* FROM "todos"[0m
  ↳ db/seeds.rb:9
  [1m[36mTodo Destroy (1.1ms)[0m  [1m[31mDELETE FROM "todos" WHERE "todos"."id" = $1[0m  [["id", 1]]
  ↳ db/seeds.rb:9
  [1m[36mTodo Create (0.7ms)[0m  [1m[32mINSERT INTO "todos" ("title", "body", "done", "created_at", "updated_at") VALUES ($1, $2, $3, $4, $5) RETURNING "id"[0m  [["title", "Work on Design Docs"], ["body", "Write them out for full-stack project"], ["done", false], ["created_at", "2022-04-14 18:50:17.117247"], ["updated_at", "2022-04-14 18:50:17.117247"]]
  ↳ db/seeds.rb:10
  [1m[36mTodo Create (0.4ms)[0m  [1m[32mINSERT INTO "todos" ("title", "body", "done", "created_at", "updated_at") VALUES ($1, $2, $3, $4, $5) RETURNING "id"[0m  [["title", "Homework"], ["body", "Watch videos for tmrw lecture"], ["done", false], ["created_at", "2022-04-14 18:50:17.119832"], ["updated_at", "2022-04-14 18:50:17.119832"]]
  ↳ db/seeds.rb:11
  [1m[36mTodo Create (0.4ms)[0m  [1m[32mINSERT INTO "todos" ("title", "body", "done", "created_at", "updated_at") VALUES ($1, $2, $3, $4, $5) RETURNING "id"[0m  [["title", "Fill out Progress Tracker"], ["body", "Don't get a strike"], ["done", true], ["created_at", "2022-04-14 18:50:17.121776"], ["updated_at", "2022-04-14 18:50:17.121776"]]
  ↳ db/seeds.rb:12
  [1m[35m (40.8ms)[0m  [1m[35mCOMMIT[0m
  ↳ db/seeds.rb:8
Started GET "/api/todos" for ::1 at 2022-04-14 14:51:18 -0400

ActionController::RoutingError - uninitialized constant Api:

Started GET "/" for ::1 at 2022-04-14 14:54:17 -0400
Processing by StaticPagesController#root as HTML
  Rendering static_pages/root.html.erb within layouts/application
  Rendered static_pages/root.html.erb within layouts/application (0.7ms)
Completed 200 OK in 49ms (Views: 49.0ms | ActiveRecord: 0.0ms)


Started GET "/api/todos" for ::1 at 2022-04-14 14:54:21 -0400
Processing by Api::TodosController#index as JSON
  [1m[36mTodo Load (4.2ms)[0m  [1m[34mSELECT "todos".* FROM "todos"[0m
  ↳ app/controllers/api/todos_controller.rb:4
Completed 200 OK in 36ms (Views: 11.8ms | ActiveRecord: 19.3ms)


Started GET "/" for ::1 at 2022-04-14 15:00:58 -0400
Processing by StaticPagesController#root as HTML
  Rendering static_pages/root.html.erb within layouts/application
  Rendered static_pages/root.html.erb within layouts/application (0.4ms)
Completed 200 OK in 735ms (Views: 734.3ms | ActiveRecord: 0.0ms)


Started GET "/" for ::1 at 2022-04-14 15:01:32 -0400
Processing by StaticPagesController#root as HTML
  Rendering static_pages/root.html.erb within layouts/application
  Rendered static_pages/root.html.erb within layouts/application (0.5ms)
Completed 200 OK in 52ms (Views: 51.9ms | ActiveRecord: 0.0ms)


Started GET "/" for ::1 at 2022-04-14 15:02:39 -0400
Processing by StaticPagesController#root as HTML
  Rendering static_pages/root.html.erb within layouts/application
  Rendered static_pages/root.html.erb within layouts/application (0.4ms)
Completed 200 OK in 55ms (Views: 54.7ms | ActiveRecord: 0.0ms)


Started GET "/" for ::1 at 2022-04-14 15:04:02 -0400
Processing by StaticPagesController#root as HTML
  Rendering static_pages/root.html.erb within layouts/application
  Rendered static_pages/root.html.erb within layouts/application (0.4ms)
Completed 200 OK in 701ms (Views: 700.6ms | ActiveRecord: 0.0ms)


Started GET "/" for ::1 at 2022-04-14 15:08:55 -0400
Processing by StaticPagesController#root as HTML
  Rendering static_pages/root.html.erb within layouts/application
  Rendered static_pages/root.html.erb within layouts/application (0.5ms)
Completed 200 OK in 608ms (Views: 607.7ms | ActiveRecord: 0.0ms)


Started GET "/" for ::1 at 2022-04-14 15:09:00 -0400
Processing by StaticPagesController#root as HTML
  Rendering static_pages/root.html.erb within layouts/application
  Rendered static_pages/root.html.erb within layouts/application (0.4ms)
Completed 200 OK in 38ms (Views: 37.8ms | ActiveRecord: 0.0ms)


Started GET "/" for ::1 at 2022-04-14 15:09:39 -0400
Processing by StaticPagesController#root as HTML
  Rendering static_pages/root.html.erb within layouts/application
  Rendered static_pages/root.html.erb within layouts/application (0.5ms)
Completed 200 OK in 643ms (Views: 642.7ms | ActiveRecord: 0.0ms)


Started GET "/api/todos" for ::1 at 2022-04-14 15:09:48 -0400
Processing by Api::TodosController#index as JSON
  [1m[36mTodo Load (17.4ms)[0m  [1m[34mSELECT "todos".* FROM "todos"[0m
  ↳ app/controllers/api/todos_controller.rb:4
Completed 200 OK in 21ms (Views: 3.0ms | ActiveRecord: 17.4ms)


Started GET "/api/todos" for ::1 at 2022-04-14 15:10:59 -0400
Processing by Api::TodosController#index as JSON
  [1m[36mTodo Load (1.7ms)[0m  [1m[34mSELECT "todos".* FROM "todos"[0m
  ↳ app/controllers/api/todos_controller.rb:4
Completed 200 OK in 5ms (Views: 2.9ms | ActiveRecord: 1.7ms)


Started GET "/" for ::1 at 2022-04-14 15:18:00 -0400
Processing by StaticPagesController#root as HTML
  Rendering static_pages/root.html.erb within layouts/application
  Rendered static_pages/root.html.erb within layouts/application (1.3ms)
Completed 200 OK in 582ms (Views: 580.3ms | ActiveRecord: 0.0ms)


Started GET "/" for ::1 at 2022-04-14 15:21:07 -0400
Processing by StaticPagesController#root as HTML
  Rendering static_pages/root.html.erb within layouts/application
  Rendered static_pages/root.html.erb within layouts/application (0.3ms)
Completed 200 OK in 718ms (Views: 717.3ms | ActiveRecord: 0.0ms)


Started GET "/" for ::1 at 2022-04-14 15:22:03 -0400
Processing by StaticPagesController#root as HTML
  Rendering static_pages/root.html.erb within layouts/application
  Rendered static_pages/root.html.erb within layouts/application (1.1ms)
Completed 200 OK in 677ms (Views: 676.5ms | ActiveRecord: 0.0ms)


Started GET "/" for ::1 at 2022-04-14 15:29:37 -0400
Processing by StaticPagesController#root as HTML
  Rendering static_pages/root.html.erb within layouts/application
  Rendered static_pages/root.html.erb within layouts/application (0.4ms)
Completed 200 OK in 470ms (Views: 469.5ms | ActiveRecord: 0.0ms)


Started GET "/api/todos" for ::1 at 2022-04-14 15:29:41 -0400
Processing by Api::TodosController#index as JSON
  [1m[36mTodo Load (9.7ms)[0m  [1m[34mSELECT "todos".* FROM "todos"[0m
  ↳ app/controllers/api/todos_controller.rb:4
Completed 200 OK in 13ms (Views: 3.3ms | ActiveRecord: 9.7ms)


Started GET "/api/todos" for ::1 at 2022-04-14 15:31:20 -0400
Processing by Api::TodosController#index as JSON
  [1m[36mTodo Load (8.6ms)[0m  [1m[34mSELECT "todos".* FROM "todos"[0m
  ↳ app/controllers/api/todos_controller.rb:4
Completed 200 OK in 11ms (Views: 1.9ms | ActiveRecord: 8.6ms)


Started GET "/api/todos" for ::1 at 2022-04-14 15:32:31 -0400
Processing by Api::TodosController#index as JSON
  [1m[36mTodo Load (3.0ms)[0m  [1m[34mSELECT "todos".* FROM "todos"[0m
  ↳ app/controllers/api/todos_controller.rb:4
Completed 200 OK in 6ms (Views: 2.4ms | ActiveRecord: 3.0ms)


Started GET "/api/todos" for ::1 at 2022-04-14 15:33:26 -0400
Processing by Api::TodosController#index as JSON
  [1m[36mTodo Load (14.6ms)[0m  [1m[34mSELECT "todos".* FROM "todos"[0m
  ↳ app/controllers/api/todos_controller.rb:4
Completed 200 OK in 18ms (Views: 2.9ms | ActiveRecord: 14.6ms)


Started GET "/" for ::1 at 2022-04-14 15:33:30 -0400
Processing by StaticPagesController#root as HTML
  Rendering static_pages/root.html.erb within layouts/application
  Rendered static_pages/root.html.erb within layouts/application (0.4ms)
Completed 200 OK in 593ms (Views: 592.5ms | ActiveRecord: 0.0ms)


Started GET "/api/todos" for ::1 at 2022-04-14 15:33:34 -0400
Processing by Api::TodosController#index as JSON
  [1m[36mTodo Load (24.9ms)[0m  [1m[34mSELECT "todos".* FROM "todos"[0m
  ↳ app/controllers/api/todos_controller.rb:4
Completed 200 OK in 27ms (Views: 2.1ms | ActiveRecord: 24.9ms)


Started GET "/" for ::1 at 2022-04-14 15:35:12 -0400
Processing by StaticPagesController#root as HTML
  Rendering static_pages/root.html.erb within layouts/application
  Rendered static_pages/root.html.erb within layouts/application (0.6ms)
Completed 200 OK in 560ms (Views: 559.5ms | ActiveRecord: 0.0ms)


Started GET "/" for ::1 at 2022-04-14 15:35:31 -0400
Processing by StaticPagesController#root as HTML
  Rendering static_pages/root.html.erb within layouts/application
  Rendered static_pages/root.html.erb within layouts/application (0.6ms)
Completed 200 OK in 70ms (Views: 69.3ms | ActiveRecord: 0.0ms)


Started GET "/api/todos" for ::1 at 2022-04-14 15:35:35 -0400
Processing by Api::TodosController#index as JSON
  [1m[36mTodo Load (18.8ms)[0m  [1m[34mSELECT "todos".* FROM "todos"[0m
  ↳ app/controllers/api/todos_controller.rb:4
Completed 200 OK in 21ms (Views: 2.4ms | ActiveRecord: 18.8ms)


Started GET "/" for ::1 at 2022-04-14 15:41:37 -0400
Processing by StaticPagesController#root as HTML
  Rendering static_pages/root.html.erb within layouts/application
  Rendered static_pages/root.html.erb within layouts/application (0.4ms)
Completed 200 OK in 468ms (Views: 468.2ms | ActiveRecord: 0.0ms)


Started GET "/" for ::1 at 2022-04-14 15:42:05 -0400
Processing by StaticPagesController#root as HTML
  Rendering static_pages/root.html.erb within layouts/application
  Rendered static_pages/root.html.erb within layouts/application (0.5ms)
Completed 200 OK in 580ms (Views: 580.0ms | ActiveRecord: 0.0ms)


Started GET "/" for ::1 at 2022-04-14 15:42:38 -0400
Processing by StaticPagesController#root as HTML
  Rendering static_pages/root.html.erb within layouts/application
  Rendered static_pages/root.html.erb within layouts/application (0.4ms)
Completed 200 OK in 671ms (Views: 670.3ms | ActiveRecord: 0.0ms)


Started GET "/" for ::1 at 2022-04-14 15:43:34 -0400
Processing by StaticPagesController#root as HTML
  Rendering static_pages/root.html.erb within layouts/application
  Rendered static_pages/root.html.erb within layouts/application (0.5ms)
Completed 200 OK in 743ms (Views: 742.6ms | ActiveRecord: 0.0ms)


Started GET "/api/todos" for ::1 at 2022-04-14 15:43:35 -0400
Processing by Api::TodosController#index as JSON
  [1m[36mTodo Load (2.3ms)[0m  [1m[34mSELECT "todos".* FROM "todos"[0m
  ↳ app/controllers/api/todos_controller.rb:4
Completed 200 OK in 5ms (Views: 2.5ms | ActiveRecord: 2.3ms)


Started GET "/" for ::1 at 2022-04-14 16:36:05 -0400
Processing by StaticPagesController#root as HTML
  Rendering static_pages/root.html.erb within layouts/application
  Rendered static_pages/root.html.erb within layouts/application (0.4ms)
Completed 200 OK in 1228ms (Views: 1227.9ms | ActiveRecord: 0.0ms)


Started GET "/api/todos" for ::1 at 2022-04-14 16:36:07 -0400
Processing by Api::TodosController#index as JSON
  [1m[36mTodo Load (68.5ms)[0m  [1m[34mSELECT "todos".* FROM "todos"[0m
  ↳ app/controllers/api/todos_controller.rb:4
Completed 200 OK in 73ms (Views: 4.6ms | ActiveRecord: 68.5ms)


Started GET "/" for ::1 at 2022-04-14 16:37:37 -0400
Processing by StaticPagesController#root as HTML
  Rendering static_pages/root.html.erb within layouts/application
  Rendered static_pages/root.html.erb within layouts/application (0.6ms)
Completed 200 OK in 66ms (Views: 65.3ms | ActiveRecord: 0.0ms)


Started GET "/api/todos" for ::1 at 2022-04-14 16:37:37 -0400
  
ActionController::RoutingError (No route matches [GET] "/assets/bundle.js-d3a9f39ecc3c3c45ad295c60652209854b1773d929f87948a911916d09218ba6.map"):
  
actionpack (5.2.7) lib/action_dispatch/middleware/debug_exceptions.rb:65:in `call'
web-console (3.7.0) lib/web_console/middleware.rb:135:in `call_app'
web-console (3.7.0) lib/web_console/middleware.rb:30:in `block in call'
web-console (3.7.0) lib/web_console/middleware.rb:20:in `catch'
web-console (3.7.0) lib/web_console/middleware.rb:20:in `call'
actionpack (5.2.7) lib/action_dispatch/middleware/show_exceptions.rb:33:in `call'
railties (5.2.7) lib/rails/rack/logger.rb:38:in `call_app'
railties (5.2.7) lib/rails/rack/logger.rb:26:in `block in call'
activesupport (5.2.7) lib/active_support/tagged_logging.rb:71:in `block in tagged'
activesupport (5.2.7) lib/active_support/tagged_logging.rb:28:in `tagged'
activesupport (5.2.7) lib/active_support/tagged_logging.rb:71:in `tagged'
railties (5.2.7) lib/rails/rack/logger.rb:26:in `call'
sprockets-rails (3.4.2) lib/sprockets/rails/quiet_assets.rb:11:in `block in call'
activesupport (5.2.7) lib/active_support/logger_silence.rb:21:in `silence'
activesupport (5.2.7) lib/active_support/logger.rb:65:in `block (3 levels) in broadcast'
activesupport (5.2.7) lib/active_support/logger_silence.rb:21:in `silence'
activesupport (5.2.7) lib/active_support/logger.rb:63:in `block (2 levels) in broadcast'
sprockets-rails (3.4.2) lib/sprockets/rails/quiet_assets.rb:11:in `call'
actionpack (5.2.7) lib/action_dispatch/middleware/remote_ip.rb:81:in `call'
actionpack (5.2.7) lib/action_dispatch/middleware/request_id.rb:27:in `call'
rack (2.2.3) lib/rack/method_override.rb:24:in `call'
rack (2.2.3) lib/rack/runtime.rb:22:in `call'
activesupport (5.2.7) lib/active_support/cache/strategy/local_cache_middleware.rb:29:in `call'
actionpack (5.2.7) lib/action_dispatch/middleware/executor.rb:14:in `call'
actionpack (5.2.7) lib/action_dispatch/middleware/static.rb:127:in `call'
rack (2.2.3) lib/rack/sendfile.rb:110:in `call'
railties (5.2.7) lib/rails/engine.rb:524:in `call'
puma (3.12.6) lib/puma/configuration.rb:227:in `call'
puma (3.12.6) lib/puma/server.rb:706:in `handle_request'
puma (3.12.6) lib/puma/server.rb:476:in `process_client'
puma (3.12.6) lib/puma/server.rb:334:in `block in run'
puma (3.12.6) lib/puma/thread_pool.rb:135:in `block in spawn_thread'
Processing by Api::TodosController#index as JSON
  [1m[36mTodo Load (0.5ms)[0m  [1m[34mSELECT "todos".* FROM "todos"[0m
  ↳ app/controllers/api/todos_controller.rb:4
Completed 200 OK in 3ms (Views: 1.9ms | ActiveRecord: 0.5ms)


Started GET "/" for ::1 at 2022-04-14 16:38:04 -0400
Processing by StaticPagesController#root as HTML
  Rendering static_pages/root.html.erb within layouts/application
  Rendered static_pages/root.html.erb within layouts/application (0.8ms)
Completed 200 OK in 593ms (Views: 592.8ms | ActiveRecord: 0.0ms)


Started GET "/api/todos" for ::1 at 2022-04-14 16:38:05 -0400
Processing by Api::TodosController#index as JSON
  [1m[36mTodo Load (11.5ms)[0m  [1m[34mSELECT "todos".* FROM "todos"[0m
  ↳ app/controllers/api/todos_controller.rb:4
Completed 200 OK in 16ms (Views: 4.1ms | ActiveRecord: 11.5ms)


Started GET "/" for ::1 at 2022-04-14 16:39:19 -0400
Processing by StaticPagesController#root as HTML
  Rendering static_pages/root.html.erb within layouts/application
  Rendered static_pages/root.html.erb within layouts/application (0.5ms)
Completed 200 OK in 542ms (Views: 541.4ms | ActiveRecord: 0.0ms)


Started GET "/api/todos" for ::1 at 2022-04-14 16:39:19 -0400
Processing by Api::TodosController#index as JSON
  [1m[36mTodo Load (7.2ms)[0m  [1m[34mSELECT "todos".* FROM "todos"[0m
  ↳ app/controllers/api/todos_controller.rb:4
Completed 200 OK in 10ms (Views: 2.3ms | ActiveRecord: 7.2ms)


Started POST "/api/todos" for ::1 at 2022-04-14 16:39:23 -0400
Processing by Api::TodosController#create as JSON
Completed 400 Bad Request in 4ms (ActiveRecord: 0.0ms)



ActionController::ParameterMissing - param is missing or the value is empty: todo:
  app/controllers/api/todos_controller.rb:46:in `todo_params'
  app/controllers/api/todos_controller.rb:13:in `create'

Started GET "/" for ::1 at 2022-04-14 16:41:19 -0400
Processing by StaticPagesController#root as HTML
  Rendering static_pages/root.html.erb within layouts/application
  Rendered static_pages/root.html.erb within layouts/application (1.5ms)
Completed 200 OK in 1020ms (Views: 1019.1ms | ActiveRecord: 0.0ms)


Started GET "/" for ::1 at 2022-04-14 16:41:22 -0400
Processing by StaticPagesController#root as HTML
  Rendering static_pages/root.html.erb within layouts/application
  Rendered static_pages/root.html.erb within layouts/application (0.5ms)
Completed 200 OK in 48ms (Views: 47.5ms | ActiveRecord: 0.0ms)


Started GET "/api/todos" for ::1 at 2022-04-14 16:41:22 -0400
Processing by Api::TodosController#index as JSON
  [1m[36mTodo Load (0.9ms)[0m  [1m[34mSELECT "todos".* FROM "todos"[0m
  ↳ app/controllers/api/todos_controller.rb:4
Completed 200 OK in 3ms (Views: 2.1ms | ActiveRecord: 0.9ms)


Started POST "/api/todos" for ::1 at 2022-04-14 16:41:26 -0400
Processing by Api::TodosController#create as JSON
Completed 400 Bad Request in 1ms (ActiveRecord: 0.0ms)



ActionController::ParameterMissing - param is missing or the value is empty: todo:
  app/controllers/api/todos_controller.rb:46:in `todo_params'
  app/controllers/api/todos_controller.rb:13:in `create'

Started GET "/" for ::1 at 2022-04-14 16:43:09 -0400
Processing by StaticPagesController#root as HTML
  Rendering static_pages/root.html.erb within layouts/application
  Rendered static_pages/root.html.erb within layouts/application (0.9ms)
Completed 200 OK in 764ms (Views: 763.7ms | ActiveRecord: 0.0ms)


Started GET "/api/todos" for ::1 at 2022-04-14 16:43:11 -0400
Processing by Api::TodosController#index as JSON
  [1m[36mTodo Load (4.8ms)[0m  [1m[34mSELECT "todos".* FROM "todos"[0m
  ↳ app/controllers/api/todos_controller.rb:4
Completed 200 OK in 8ms (Views: 2.8ms | ActiveRecord: 4.8ms)


Started POST "/api/todos" for ::1 at 2022-04-14 16:43:13 -0400
Processing by Api::TodosController#create as JSON
  Parameters: {"todo"=>{"id"=>"1649968990981", "title"=>"b", "body"=>"b", "done"=>""}}
Unpermitted parameter: :id
  [1m[35m (0.3ms)[0m  [1m[35mBEGIN[0m
  ↳ app/controllers/api/todos_controller.rb:14
  [1m[35m (0.3ms)[0m  [1m[31mROLLBACK[0m
  ↳ app/controllers/api/todos_controller.rb:14
Completed 422 Unprocessable Entity in 54ms (Views: 0.7ms | ActiveRecord: 0.6ms)


Started GET "/" for ::1 at 2022-04-14 16:46:39 -0400
Processing by StaticPagesController#root as HTML
  Rendering static_pages/root.html.erb within layouts/application
  Rendered static_pages/root.html.erb within layouts/application (0.5ms)
Completed 200 OK in 645ms (Views: 645.2ms | ActiveRecord: 0.0ms)


Started GET "/api/todos" for ::1 at 2022-04-14 16:46:48 -0400
Processing by Api::TodosController#index as JSON
  [1m[36mTodo Load (1.3ms)[0m  [1m[34mSELECT "todos".* FROM "todos"[0m
  ↳ app/controllers/api/todos_controller.rb:4
Completed 200 OK in 5ms (Views: 3.2ms | ActiveRecord: 1.3ms)


Started POST "/api/todos" for ::1 at 2022-04-14 16:46:54 -0400
Processing by Api::TodosController#create as JSON
  Parameters: {"todo"=>{"id"=>"1649969199973", "title"=>"a", "body"=>"a", "done"=>""}}
Unpermitted parameter: :id
  [1m[35m (3.9ms)[0m  [1m[35mBEGIN[0m
  ↳ app/controllers/api/todos_controller.rb:14
  [1m[35m (10.5ms)[0m  [1m[31mROLLBACK[0m
  ↳ app/controllers/api/todos_controller.rb:14
Completed 422 Unprocessable Entity in 20ms (Views: 0.2ms | ActiveRecord: 14.4ms)


Started GET "/" for ::1 at 2022-04-14 16:50:02 -0400
Processing by StaticPagesController#root as HTML
  Rendering static_pages/root.html.erb within layouts/application
  Rendered static_pages/root.html.erb within layouts/application (0.4ms)
Completed 200 OK in 501ms (Views: 500.2ms | ActiveRecord: 0.0ms)


Started GET "/api/todos" for ::1 at 2022-04-14 16:50:02 -0400
Processing by Api::TodosController#index as JSON
  [1m[36mTodo Load (7.7ms)[0m  [1m[34mSELECT "todos".* FROM "todos"[0m
  ↳ app/controllers/api/todos_controller.rb:4
Completed 200 OK in 12ms (Views: 4.0ms | ActiveRecord: 7.7ms)


Started POST "/api/todos" for ::1 at 2022-04-14 16:50:06 -0400
Processing by Api::TodosController#create as JSON
  Parameters: {"todo"=>{"id"=>"1649969402841", "title"=>"a", "body"=>"a", "done"=>""}}
Unpermitted parameter: :id
  [1m[35m (8.0ms)[0m  [1m[35mBEGIN[0m
  ↳ app/controllers/api/todos_controller.rb:14
  [1m[35m (1.9ms)[0m  [1m[31mROLLBACK[0m
  ↳ app/controllers/api/todos_controller.rb:14
Completed 422 Unprocessable Entity in 15ms (Views: 0.2ms | ActiveRecord: 9.9ms)


Started GET "/" for ::1 at 2022-04-14 16:51:52 -0400
Processing by StaticPagesController#root as HTML
  Rendering static_pages/root.html.erb within layouts/application
  Rendered static_pages/root.html.erb within layouts/application (0.4ms)
Completed 200 OK in 1306ms (Views: 1305.3ms | ActiveRecord: 0.0ms)


Started GET "/api/todos" for ::1 at 2022-04-14 16:51:54 -0400
Processing by Api::TodosController#index as JSON
  [1m[36mTodo Load (10.5ms)[0m  [1m[34mSELECT "todos".* FROM "todos"[0m
  ↳ app/controllers/api/todos_controller.rb:4
Completed 200 OK in 45ms (Views: 34.2ms | ActiveRecord: 10.5ms)


Started POST "/api/todos" for ::1 at 2022-04-14 16:51:57 -0400
Processing by Api::TodosController#create as JSON
  Parameters: {"todo"=>{"id"=>"1649969514421", "title"=>"a", "body"=>"a", "done"=>"false"}}
Unpermitted parameter: :id
  [1m[35m (1.5ms)[0m  [1m[35mBEGIN[0m
  ↳ app/controllers/api/todos_controller.rb:14
  [1m[36mTodo Create (42.7ms)[0m  [1m[32mINSERT INTO "todos" ("title", "body", "done", "created_at", "updated_at") VALUES ($1, $2, $3, $4, $5) RETURNING "id"[0m  [["title", "a"], ["body", "a"], ["done", false], ["created_at", "2022-04-14 20:51:57.292847"], ["updated_at", "2022-04-14 20:51:57.292847"]]
  ↳ app/controllers/api/todos_controller.rb:14
  [1m[35m (1.6ms)[0m  [1m[35mCOMMIT[0m
  ↳ app/controllers/api/todos_controller.rb:14
Completed 200 OK in 51ms (Views: 0.5ms | ActiveRecord: 45.8ms)


Started POST "/api/todos" for ::1 at 2022-04-14 17:05:06 -0400
Processing by Api::TodosController#create as JSON
  Parameters: {"todo"=>{"id"=>"1649969517281", "title"=>"a", "body"=>"", "done"=>"false"}}
Unpermitted parameter: :id
  [1m[35m (0.4ms)[0m  [1m[35mBEGIN[0m
  ↳ app/controllers/api/todos_controller.rb:14
  [1m[35m (0.4ms)[0m  [1m[31mROLLBACK[0m
  ↳ app/controllers/api/todos_controller.rb:14
Completed 422 Unprocessable Entity in 6ms (Views: 0.3ms | ActiveRecord: 0.9ms)


Started GET "/" for ::1 at 2022-04-14 17:05:14 -0400
Processing by StaticPagesController#root as HTML
  Rendering static_pages/root.html.erb within layouts/application
  Rendered static_pages/root.html.erb within layouts/application (0.5ms)
Completed 200 OK in 489ms (Views: 489.0ms | ActiveRecord: 0.0ms)


Started GET "/api/todos" for ::1 at 2022-04-14 17:05:15 -0400
Processing by Api::TodosController#index as JSON
  [1m[36mTodo Load (1.8ms)[0m  [1m[34mSELECT "todos".* FROM "todos"[0m
  ↳ app/controllers/api/todos_controller.rb:4
Completed 200 OK in 7ms (Views: 4.7ms | ActiveRecord: 1.8ms)


Started POST "/api/todos" for ::1 at 2022-04-14 17:05:17 -0400
Processing by Api::TodosController#create as JSON
  Parameters: {"todo"=>{"id"=>"1649970315333", "title"=>"a", "body"=>"", "done"=>"false"}}
Unpermitted parameter: :id
  [1m[35m (1.1ms)[0m  [1m[35mBEGIN[0m
  ↳ app/controllers/api/todos_controller.rb:14
  [1m[35m (0.2ms)[0m  [1m[31mROLLBACK[0m
  ↳ app/controllers/api/todos_controller.rb:14
Completed 422 Unprocessable Entity in 6ms (Views: 0.2ms | ActiveRecord: 1.3ms)


Started GET "/" for ::1 at 2022-04-14 17:06:46 -0400
Processing by StaticPagesController#root as HTML
  Rendering static_pages/root.html.erb within layouts/application
  Rendered static_pages/root.html.erb within layouts/application (0.5ms)
Completed 200 OK in 1019ms (Views: 1019.0ms | ActiveRecord: 0.0ms)


Started GET "/" for ::1 at 2022-04-14 17:07:02 -0400
Processing by StaticPagesController#root as HTML
  Rendering static_pages/root.html.erb within layouts/application
  Rendered static_pages/root.html.erb within layouts/application (0.8ms)
Completed 200 OK in 866ms (Views: 866.0ms | ActiveRecord: 0.0ms)


Started GET "/api/todos" for ::1 at 2022-04-14 17:07:04 -0400
Processing by Api::TodosController#index as JSON
  [1m[36mTodo Load (4.5ms)[0m  [1m[34mSELECT "todos".* FROM "todos"[0m
  ↳ app/controllers/api/todos_controller.rb:4
Completed 200 OK in 7ms (Views: 2.4ms | ActiveRecord: 4.5ms)


Started POST "/api/todos" for ::1 at 2022-04-14 17:07:06 -0400
Processing by Api::TodosController#create as JSON
  Parameters: {"todo"=>{"id"=>"1649970423979", "title"=>"a", "body"=>"", "done"=>"false"}}
Unpermitted parameter: :id
  [1m[35m (0.5ms)[0m  [1m[35mBEGIN[0m
  ↳ app/controllers/api/todos_controller.rb:14
  [1m[35m (0.3ms)[0m  [1m[31mROLLBACK[0m
  ↳ app/controllers/api/todos_controller.rb:14
Completed 422 Unprocessable Entity in 6ms (Views: 0.2ms | ActiveRecord: 0.7ms)


Started GET "/" for ::1 at 2022-04-14 17:07:10 -0400
Processing by StaticPagesController#root as HTML
  Rendering static_pages/root.html.erb within layouts/application
  Rendered static_pages/root.html.erb within layouts/application (0.7ms)
Completed 200 OK in 325ms (Views: 324.3ms | ActiveRecord: 0.0ms)


Started GET "/api/todos" for ::1 at 2022-04-14 17:07:11 -0400
Processing by Api::TodosController#index as JSON
  [1m[36mTodo Load (1.1ms)[0m  [1m[34mSELECT "todos".* FROM "todos"[0m
  ↳ app/controllers/api/todos_controller.rb:4
Completed 200 OK in 6ms (Views: 4.2ms | ActiveRecord: 1.1ms)


Started POST "/api/todos" for ::1 at 2022-04-14 17:07:12 -0400
Processing by Api::TodosController#create as JSON
  Parameters: {"todo"=>{"id"=>"1649970431691", "title"=>"a", "body"=>"", "done"=>"false"}}
Unpermitted parameter: :id
  [1m[35m (3.1ms)[0m  [1m[35mBEGIN[0m
  ↳ app/controllers/api/todos_controller.rb:14
  [1m[35m (2.0ms)[0m  [1m[31mROLLBACK[0m
  ↳ app/controllers/api/todos_controller.rb:14
Completed 422 Unprocessable Entity in 12ms (Views: 0.2ms | ActiveRecord: 5.0ms)


Started GET "/" for ::1 at 2022-04-14 17:10:25 -0400
Processing by StaticPagesController#root as HTML
  Rendering static_pages/root.html.erb within layouts/application
  Rendered static_pages/root.html.erb within layouts/application (0.8ms)
Completed 200 OK in 505ms (Views: 504.7ms | ActiveRecord: 0.0ms)


Started GET "/api/todos" for ::1 at 2022-04-14 17:10:26 -0400
Processing by Api::TodosController#index as JSON
  [1m[36mTodo Load (2.5ms)[0m  [1m[34mSELECT "todos".* FROM "todos"[0m
  ↳ app/controllers/api/todos_controller.rb:4
Completed 200 OK in 5ms (Views: 2.2ms | ActiveRecord: 2.5ms)


Started POST "/api/todos" for ::1 at 2022-04-14 17:10:28 -0400
Processing by Api::TodosController#create as JSON
  Parameters: {"todo"=>{"id"=>"1649970625988", "title"=>"a", "body"=>"", "done"=>"false"}}
Unpermitted parameter: :id
  [1m[35m (5.3ms)[0m  [1m[35mBEGIN[0m
  ↳ app/controllers/api/todos_controller.rb:14
  [1m[35m (1.7ms)[0m  [1m[31mROLLBACK[0m
  ↳ app/controllers/api/todos_controller.rb:14
Completed 422 Unprocessable Entity in 13ms (Views: 0.3ms | ActiveRecord: 7.0ms)


Started POST "/api/todos" for ::1 at 2022-04-14 17:10:29 -0400
Processing by Api::TodosController#create as JSON
  Parameters: {"todo"=>{"id"=>"1649970628148", "title"=>"", "body"=>"", "done"=>"false"}}
Unpermitted parameter: :id
  [1m[35m (2.1ms)[0m  [1m[35mBEGIN[0m
  ↳ app/controllers/api/todos_controller.rb:14
  [1m[35m (0.8ms)[0m  [1m[31mROLLBACK[0m
  ↳ app/controllers/api/todos_controller.rb:14
Completed 422 Unprocessable Entity in 10ms (Views: 0.3ms | ActiveRecord: 2.9ms)


Started POST "/api/todos" for ::1 at 2022-04-14 17:12:34 -0400
Processing by Api::TodosController#create as JSON
  Parameters: {"todo"=>{"id"=>"1649970629914", "title"=>"a", "body"=>"", "done"=>"false"}}
Unpermitted parameter: :id
  [1m[35m (1.8ms)[0m  [1m[35mBEGIN[0m
  ↳ app/controllers/api/todos_controller.rb:14
  [1m[35m (0.4ms)[0m  [1m[31mROLLBACK[0m
  ↳ app/controllers/api/todos_controller.rb:14
Completed 422 Unprocessable Entity in 7ms (Views: 0.2ms | ActiveRecord: 2.2ms)


Started GET "/" for ::1 at 2022-04-14 17:12:36 -0400
Processing by StaticPagesController#root as HTML
  Rendering static_pages/root.html.erb within layouts/application
  Rendered static_pages/root.html.erb within layouts/application (0.5ms)
Completed 200 OK in 778ms (Views: 777.4ms | ActiveRecord: 0.0ms)


Started GET "/api/todos" for ::1 at 2022-04-14 17:12:37 -0400
Processing by Api::TodosController#index as JSON
  [1m[36mTodo Load (26.7ms)[0m  [1m[34mSELECT "todos".* FROM "todos"[0m
  ↳ app/controllers/api/todos_controller.rb:4
Completed 200 OK in 29ms (Views: 2.4ms | ActiveRecord: 26.7ms)


Started POST "/api/todos" for ::1 at 2022-04-14 17:12:38 -0400
Processing by Api::TodosController#create as JSON
  Parameters: {"todo"=>{"id"=>"1649970757151", "title"=>"a", "body"=>"", "done"=>"false"}}
Unpermitted parameter: :id
  [1m[35m (1.1ms)[0m  [1m[35mBEGIN[0m
  ↳ app/controllers/api/todos_controller.rb:14
  [1m[35m (0.3ms)[0m  [1m[31mROLLBACK[0m
  ↳ app/controllers/api/todos_controller.rb:14
Completed 422 Unprocessable Entity in 8ms (Views: 0.3ms | ActiveRecord: 1.5ms)


Started POST "/api/todos" for ::1 at 2022-04-14 17:12:41 -0400
Processing by Api::TodosController#create as JSON
  Parameters: {"todo"=>{"id"=>"1649970758826", "title"=>"a", "body"=>"", "done"=>"false"}}
Unpermitted parameter: :id
  [1m[35m (1.4ms)[0m  [1m[35mBEGIN[0m
  ↳ app/controllers/api/todos_controller.rb:14
  [1m[35m (0.5ms)[0m  [1m[31mROLLBACK[0m
  ↳ app/controllers/api/todos_controller.rb:14
Completed 422 Unprocessable Entity in 9ms (Views: 0.3ms | ActiveRecord: 1.9ms)


Started GET "/" for ::1 at 2022-04-14 17:12:48 -0400
Processing by StaticPagesController#root as HTML
  Rendering static_pages/root.html.erb within layouts/application
  Rendered static_pages/root.html.erb within layouts/application (0.3ms)
Completed 200 OK in 48ms (Views: 48.2ms | ActiveRecord: 0.0ms)


Started GET "/api/todos" for ::1 at 2022-04-14 17:12:50 -0400
Processing by Api::TodosController#index as JSON
  [1m[36mTodo Load (1.4ms)[0m  [1m[34mSELECT "todos".* FROM "todos"[0m
  ↳ app/controllers/api/todos_controller.rb:4
Completed 200 OK in 4ms (Views: 2.2ms | ActiveRecord: 1.4ms)


Started POST "/api/todos" for ::1 at 2022-04-14 17:14:07 -0400
Processing by Api::TodosController#create as JSON
  Parameters: {"todo"=>{"id"=>"1649970768532", "title"=>"a", "body"=>"", "done"=>"false"}}
Unpermitted parameter: :id
  [1m[35m (18.9ms)[0m  [1m[35mBEGIN[0m
  ↳ app/controllers/api/todos_controller.rb:14
  [1m[35m (6.0ms)[0m  [1m[31mROLLBACK[0m
  ↳ app/controllers/api/todos_controller.rb:14
Completed 422 Unprocessable Entity in 31ms (Views: 0.2ms | ActiveRecord: 24.9ms)


Started GET "/" for ::1 at 2022-04-14 17:14:09 -0400
Processing by StaticPagesController#root as HTML
  Rendering static_pages/root.html.erb within layouts/application
  Rendered static_pages/root.html.erb within layouts/application (0.5ms)
Completed 200 OK in 601ms (Views: 600.5ms | ActiveRecord: 0.0ms)


Started POST "/api/todos" for ::1 at 2022-04-14 17:14:12 -0400
Processing by Api::TodosController#create as JSON
  Parameters: {"todo"=>{"id"=>"1649970847165", "title"=>"a", "body"=>"", "done"=>"false"}}
Unpermitted parameter: :id
  [1m[35m (4.6ms)[0m  [1m[35mBEGIN[0m
  ↳ app/controllers/api/todos_controller.rb:14
  [1m[35m (1.7ms)[0m  [1m[31mROLLBACK[0m
  ↳ app/controllers/api/todos_controller.rb:14
Completed 422 Unprocessable Entity in 12ms (Views: 0.3ms | ActiveRecord: 6.3ms)


Started GET "/" for ::1 at 2022-04-14 17:14:16 -0400
Processing by StaticPagesController#root as HTML
  Rendering static_pages/root.html.erb within layouts/application
  Rendered static_pages/root.html.erb within layouts/application (0.5ms)
Completed 200 OK in 42ms (Views: 41.3ms | ActiveRecord: 0.0ms)


Started GET "/api/todos" for ::1 at 2022-04-14 17:14:18 -0400
Processing by Api::TodosController#index as JSON
  [1m[36mTodo Load (1.6ms)[0m  [1m[34mSELECT "todos".* FROM "todos"[0m
  ↳ app/controllers/api/todos_controller.rb:4
Completed 200 OK in 6ms (Views: 3.7ms | ActiveRecord: 1.6ms)


Started POST "/api/todos" for ::1 at 2022-04-14 17:16:50 -0400
Processing by Api::TodosController#create as JSON
  Parameters: {"todo"=>{"id"=>"1649970856814", "title"=>"aa", "body"=>"", "done"=>"false"}}
Unpermitted parameter: :id
  [1m[35m (17.0ms)[0m  [1m[35mBEGIN[0m
  ↳ app/controllers/api/todos_controller.rb:14
  [1m[35m (2.6ms)[0m  [1m[31mROLLBACK[0m
  ↳ app/controllers/api/todos_controller.rb:14
Completed 422 Unprocessable Entity in 28ms (Views: 0.5ms | ActiveRecord: 19.6ms)


Started GET "/" for ::1 at 2022-04-14 17:20:48 -0400
Processing by StaticPagesController#root as HTML
  Rendering static_pages/root.html.erb within layouts/application
  Rendered static_pages/root.html.erb within layouts/application (0.5ms)
Completed 200 OK in 634ms (Views: 633.7ms | ActiveRecord: 0.0ms)


Started GET "/" for ::1 at 2022-04-14 17:20:52 -0400
Processing by StaticPagesController#root as HTML
  Rendering static_pages/root.html.erb within layouts/application
  Rendered static_pages/root.html.erb within layouts/application (0.5ms)
Completed 200 OK in 57ms (Views: 56.3ms | ActiveRecord: 0.0ms)


Started GET "/" for ::1 at 2022-04-14 17:21:38 -0400
Processing by StaticPagesController#root as HTML
  Rendering static_pages/root.html.erb within layouts/application
  Rendered static_pages/root.html.erb within layouts/application (0.6ms)
Completed 200 OK in 682ms (Views: 681.9ms | ActiveRecord: 0.0ms)


Started GET "/" for ::1 at 2022-04-14 17:23:15 -0400
Processing by StaticPagesController#root as HTML
  Rendering static_pages/root.html.erb within layouts/application
  Rendered static_pages/root.html.erb within layouts/application (0.4ms)
Completed 200 OK in 738ms (Views: 737.4ms | ActiveRecord: 0.0ms)


Started GET "/api/todos" for ::1 at 2022-04-14 17:23:17 -0400
Processing by Api::TodosController#index as JSON
  [1m[36mTodo Load (0.9ms)[0m  [1m[34mSELECT "todos".* FROM "todos"[0m
  ↳ app/controllers/api/todos_controller.rb:4
Completed 200 OK in 3ms (Views: 1.9ms | ActiveRecord: 0.9ms)


Started POST "/api/todos" for ::1 at 2022-04-14 17:23:21 -0400
Processing by Api::TodosController#create as JSON
  Parameters: {"todo"=>{"id"=>"1649971397017", "title"=>"a", "body"=>"", "done"=>"false"}}
Unpermitted parameter: :id
  [1m[35m (0.4ms)[0m  [1m[35mBEGIN[0m
  ↳ app/controllers/api/todos_controller.rb:14
  [1m[35m (0.2ms)[0m  [1m[31mROLLBACK[0m
  ↳ app/controllers/api/todos_controller.rb:14
Completed 422 Unprocessable Entity in 5ms (Views: 0.2ms | ActiveRecord: 0.6ms)


Started POST "/api/todos" for ::1 at 2022-04-14 17:23:33 -0400
Processing by Api::TodosController#create as JSON
  Parameters: {"todo"=>{"id"=>"1649971401373", "title"=>"a", "body"=>"", "done"=>"false"}}
Unpermitted parameter: :id
  [1m[35m (1.9ms)[0m  [1m[35mBEGIN[0m
  ↳ app/controllers/api/todos_controller.rb:14
  [1m[35m (0.2ms)[0m  [1m[31mROLLBACK[0m
  ↳ app/controllers/api/todos_controller.rb:14
Completed 422 Unprocessable Entity in 13ms (Views: 0.3ms | ActiveRecord: 2.1ms)


Started GET "/" for ::1 at 2022-04-14 17:23:38 -0400
Processing by StaticPagesController#root as HTML
  Rendering static_pages/root.html.erb within layouts/application
  Rendered static_pages/root.html.erb within layouts/application (0.3ms)
Completed 200 OK in 44ms (Views: 43.8ms | ActiveRecord: 0.0ms)


Started GET "/api/todos" for ::1 at 2022-04-14 17:23:38 -0400
Processing by Api::TodosController#index as JSON
  [1m[36mTodo Load (0.8ms)[0m  [1m[34mSELECT "todos".* FROM "todos"[0m
  ↳ app/controllers/api/todos_controller.rb:4
Completed 200 OK in 6ms (Views: 4.3ms | ActiveRecord: 0.8ms)


Started POST "/api/todos" for ::1 at 2022-04-14 17:23:43 -0400
Processing by Api::TodosController#create as JSON
  Parameters: {"todo"=>{"id"=>"1649971418747", "title"=>"aa", "body"=>"", "done"=>"false"}}
Unpermitted parameter: :id
  [1m[35m (0.4ms)[0m  [1m[35mBEGIN[0m
  ↳ app/controllers/api/todos_controller.rb:14
  [1m[35m (3.5ms)[0m  [1m[31mROLLBACK[0m
  ↳ app/controllers/api/todos_controller.rb:14
Completed 422 Unprocessable Entity in 10ms (Views: 0.3ms | ActiveRecord: 3.9ms)


Started GET "/" for ::1 at 2022-04-14 17:27:43 -0400
Processing by StaticPagesController#root as HTML
  Rendering static_pages/root.html.erb within layouts/application
  Rendered static_pages/root.html.erb within layouts/application (0.6ms)
Completed 200 OK in 551ms (Views: 550.8ms | ActiveRecord: 0.0ms)


Started GET "/api/todos" for ::1 at 2022-04-14 17:27:44 -0400
Processing by Api::TodosController#index as JSON
  [1m[36mTodo Load (16.5ms)[0m  [1m[34mSELECT "todos".* FROM "todos"[0m
  ↳ app/controllers/api/todos_controller.rb:4
Completed 200 OK in 23ms (Views: 4.7ms | ActiveRecord: 16.5ms)


Started POST "/api/todos" for ::1 at 2022-04-14 17:27:47 -0400
Processing by Api::TodosController#create as JSON
  Parameters: {"todo"=>{"id"=>"1649971664754", "title"=>"aa", "body"=>"a", "done"=>"false"}}
Unpermitted parameter: :id
  [1m[35m (0.5ms)[0m  [1m[35mBEGIN[0m
  ↳ app/controllers/api/todos_controller.rb:14
  [1m[36mTodo Create (1.3ms)[0m  [1m[32mINSERT INTO "todos" ("title", "body", "done", "created_at", "updated_at") VALUES ($1, $2, $3, $4, $5) RETURNING "id"[0m  [["title", "aa"], ["body", "a"], ["done", false], ["created_at", "2022-04-14 21:27:47.649703"], ["updated_at", "2022-04-14 21:27:47.649703"]]
  ↳ app/controllers/api/todos_controller.rb:14
  [1m[35m (5.5ms)[0m  [1m[35mCOMMIT[0m
  ↳ app/controllers/api/todos_controller.rb:14
Completed 200 OK in 13ms (Views: 0.7ms | ActiveRecord: 7.4ms)


Started GET "/" for ::1 at 2022-04-14 17:27:51 -0400
Processing by StaticPagesController#root as HTML
  Rendering static_pages/root.html.erb within layouts/application
  Rendered static_pages/root.html.erb within layouts/application (0.6ms)
Completed 200 OK in 47ms (Views: 46.8ms | ActiveRecord: 0.0ms)


Started GET "/api/todos" for ::1 at 2022-04-14 17:27:51 -0400
Processing by Api::TodosController#index as JSON
  [1m[36mTodo Load (0.6ms)[0m  [1m[34mSELECT "todos".* FROM "todos"[0m
  ↳ app/controllers/api/todos_controller.rb:4
Completed 200 OK in 5ms (Views: 3.9ms | ActiveRecord: 0.6ms)


Started POST "/api/todos" for ::1 at 2022-04-14 17:29:18 -0400
Processing by Api::TodosController#create as JSON
  Parameters: {"todo"=>{"id"=>"1649971671981", "title"=>"a", "body"=>"", "done"=>"false"}}
Unpermitted parameter: :id
  [1m[35m (1.3ms)[0m  [1m[35mBEGIN[0m
  ↳ app/controllers/api/todos_controller.rb:14
  [1m[35m (0.4ms)[0m  [1m[31mROLLBACK[0m
  ↳ app/controllers/api/todos_controller.rb:14
Completed 422 Unprocessable Entity in 6ms (Views: 0.2ms | ActiveRecord: 1.7ms)


Started GET "/" for ::1 at 2022-04-14 17:29:20 -0400
Processing by StaticPagesController#root as HTML
  Rendering static_pages/root.html.erb within layouts/application
  Rendered static_pages/root.html.erb within layouts/application (0.5ms)
Completed 200 OK in 623ms (Views: 622.2ms | ActiveRecord: 0.0ms)


Started GET "/api/todos" for ::1 at 2022-04-14 17:29:21 -0400
Processing by Api::TodosController#index as JSON
  [1m[36mTodo Load (0.6ms)[0m  [1m[34mSELECT "todos".* FROM "todos"[0m
  ↳ app/controllers/api/todos_controller.rb:4
Completed 200 OK in 7ms (Views: 5.4ms | ActiveRecord: 0.6ms)


Started POST "/api/todos" for ::1 at 2022-04-14 17:29:22 -0400
Processing by Api::TodosController#create as JSON
  Parameters: {"todo"=>{"id"=>"1649971761421", "title"=>"a", "body"=>"", "done"=>"false"}}
Unpermitted parameter: :id
  [1m[35m (0.4ms)[0m  [1m[35mBEGIN[0m
  ↳ app/controllers/api/todos_controller.rb:14
  [1m[35m (0.2ms)[0m  [1m[31mROLLBACK[0m
  ↳ app/controllers/api/todos_controller.rb:14
Completed 422 Unprocessable Entity in 6ms (Views: 0.2ms | ActiveRecord: 0.6ms)


Started GET "/" for ::1 at 2022-04-14 17:30:25 -0400
Processing by StaticPagesController#root as HTML
  Rendering static_pages/root.html.erb within layouts/application
  Rendered static_pages/root.html.erb within layouts/application (0.4ms)
Completed 200 OK in 875ms (Views: 874.7ms | ActiveRecord: 0.0ms)


Started GET "/api/todos" for ::1 at 2022-04-14 17:30:26 -0400
Processing by Api::TodosController#index as JSON
  [1m[36mTodo Load (3.7ms)[0m  [1m[34mSELECT "todos".* FROM "todos"[0m
  ↳ app/controllers/api/todos_controller.rb:4
Completed 200 OK in 7ms (Views: 2.7ms | ActiveRecord: 3.7ms)


Started POST "/api/todos" for ::1 at 2022-04-14 17:30:30 -0400
Processing by Api::TodosController#create as JSON
  Parameters: {"todo"=>{"id"=>"1649971826575", "title"=>"a", "body"=>"", "done"=>"false"}}
Unpermitted parameter: :id
  [1m[35m (1.4ms)[0m  [1m[35mBEGIN[0m
  ↳ app/controllers/api/todos_controller.rb:14
  [1m[35m (3.9ms)[0m  [1m[31mROLLBACK[0m
  ↳ app/controllers/api/todos_controller.rb:14
Completed 422 Unprocessable Entity in 11ms (Views: 0.2ms | ActiveRecord: 5.3ms)


Started GET "/" for ::1 at 2022-04-14 17:30:53 -0400
Processing by StaticPagesController#root as HTML
  Rendering static_pages/root.html.erb within layouts/application
  Rendered static_pages/root.html.erb within layouts/application (1.2ms)
Completed 200 OK in 1843ms (Views: 1843.1ms | ActiveRecord: 0.0ms)


Started GET "/api/todos" for ::1 at 2022-04-14 17:30:55 -0400
Processing by Api::TodosController#index as JSON
  [1m[36mTodo Load (6.3ms)[0m  [1m[34mSELECT "todos".* FROM "todos"[0m
  ↳ app/controllers/api/todos_controller.rb:4
Completed 200 OK in 12ms (Views: 4.2ms | ActiveRecord: 6.3ms)


Started POST "/api/todos" for ::1 at 2022-04-14 17:30:57 -0400
Processing by Api::TodosController#create as JSON
  Parameters: {"todo"=>{"id"=>"1649971855458", "title"=>"a", "body"=>"", "done"=>"false"}}
Unpermitted parameter: :id
  [1m[35m (0.3ms)[0m  [1m[35mBEGIN[0m
  ↳ app/controllers/api/todos_controller.rb:14
  [1m[35m (0.7ms)[0m  [1m[31mROLLBACK[0m
  ↳ app/controllers/api/todos_controller.rb:14
Completed 422 Unprocessable Entity in 6ms (Views: 0.2ms | ActiveRecord: 1.0ms)


Started GET "/" for ::1 at 2022-04-14 17:31:34 -0400
Processing by StaticPagesController#root as HTML
  Rendering static_pages/root.html.erb within layouts/application
  Rendered static_pages/root.html.erb within layouts/application (0.6ms)
Completed 200 OK in 1219ms (Views: 1219.2ms | ActiveRecord: 0.0ms)


Started POST "/api/todos" for ::1 at 2022-04-14 17:31:36 -0400
Processing by Api::TodosController#create as JSON
  Parameters: {"todo"=>{"id"=>"1649971857907", "title"=>"a", "body"=>"", "done"=>"false"}}
Unpermitted parameter: :id
  [1m[35m (76.6ms)[0m  [1m[35mBEGIN[0m
  ↳ app/controllers/api/todos_controller.rb:14
  [1m[35m (13.7ms)[0m  [1m[31mROLLBACK[0m
  ↳ app/controllers/api/todos_controller.rb:14
Completed 422 Unprocessable Entity in 115ms (Views: 0.2ms | ActiveRecord: 90.3ms)


Started GET "/" for ::1 at 2022-04-14 17:31:39 -0400
Processing by StaticPagesController#root as HTML
  Rendering static_pages/root.html.erb within layouts/application
  Rendered static_pages/root.html.erb within layouts/application (0.9ms)
Completed 200 OK in 64ms (Views: 63.7ms | ActiveRecord: 0.0ms)


Started GET "/api/todos" for ::1 at 2022-04-14 17:31:56 -0400
Processing by Api::TodosController#index as JSON
  [1m[36mTodo Load (1.2ms)[0m  [1m[34mSELECT "todos".* FROM "todos"[0m
  ↳ app/controllers/api/todos_controller.rb:4
Completed 200 OK in 6ms (Views: 4.3ms | ActiveRecord: 1.2ms)


Started POST "/api/todos" for ::1 at 2022-04-14 17:32:27 -0400
Processing by Api::TodosController#create as JSON
  Parameters: {"todo"=>{"id"=>"1649971916408", "title"=>"a", "body"=>"", "done"=>"false"}}
Unpermitted parameter: :id
  [1m[35m (8.6ms)[0m  [1m[35mBEGIN[0m
  ↳ app/controllers/api/todos_controller.rb:14
  [1m[35m (4.1ms)[0m  [1m[31mROLLBACK[0m
  ↳ app/controllers/api/todos_controller.rb:14
Completed 422 Unprocessable Entity in 25ms (Views: 0.3ms | ActiveRecord: 12.7ms)


Started POST "/api/todos" for ::1 at 2022-04-14 17:35:26 -0400
Processing by Api::TodosController#create as JSON
  Parameters: {"todo"=>{"id"=>"1649971947611", "title"=>"a", "body"=>"", "done"=>"false"}}
Unpermitted parameter: :id
  [1m[35m (21.2ms)[0m  [1m[35mBEGIN[0m
  ↳ app/controllers/api/todos_controller.rb:14
  [1m[35m (2.1ms)[0m  [1m[31mROLLBACK[0m
  ↳ app/controllers/api/todos_controller.rb:14
Completed 422 Unprocessable Entity in 43ms (Views: 0.2ms | ActiveRecord: 23.3ms)


Started GET "/" for ::1 at 2022-04-14 17:37:57 -0400
Processing by StaticPagesController#root as HTML
  Rendering static_pages/root.html.erb within layouts/application
  Rendered static_pages/root.html.erb within layouts/application (0.5ms)
Completed 200 OK in 508ms (Views: 507.5ms | ActiveRecord: 0.0ms)


Started GET "/" for ::1 at 2022-04-14 17:39:01 -0400
Processing by StaticPagesController#root as HTML
  Rendering static_pages/root.html.erb within layouts/application
  Rendered static_pages/root.html.erb within layouts/application (0.5ms)
Completed 200 OK in 569ms (Views: 569.0ms | ActiveRecord: 0.0ms)


Started GET "/" for ::1 at 2022-04-14 17:41:03 -0400
Processing by StaticPagesController#root as HTML
  Rendering static_pages/root.html.erb within layouts/application
  Rendered static_pages/root.html.erb within layouts/application (0.5ms)
Completed 200 OK in 587ms (Views: 586.3ms | ActiveRecord: 0.0ms)


Started GET "/api/todos" for ::1 at 2022-04-14 17:41:04 -0400
Processing by Api::TodosController#index as JSON
  [1m[36mTodo Load (2.0ms)[0m  [1m[34mSELECT "todos".* FROM "todos"[0m
  ↳ app/controllers/api/todos_controller.rb:4
Completed 200 OK in 5ms (Views: 3.0ms | ActiveRecord: 2.0ms)


Started POST "/api/todos" for ::1 at 2022-04-14 17:41:19 -0400
Processing by Api::TodosController#create as JSON
  Parameters: {"todo"=>{"id"=>"1649972464326", "title"=>"aa", "body"=>"", "done"=>"false"}}
Unpermitted parameter: :id
  [1m[35m (1.6ms)[0m  [1m[35mBEGIN[0m
  ↳ app/controllers/api/todos_controller.rb:14
  [1m[35m (0.3ms)[0m  [1m[31mROLLBACK[0m
  ↳ app/controllers/api/todos_controller.rb:14
Completed 422 Unprocessable Entity in 10ms (Views: 0.2ms | ActiveRecord: 1.9ms)


Started GET "/" for ::1 at 2022-04-14 17:43:15 -0400
Processing by StaticPagesController#root as HTML
  Rendering static_pages/root.html.erb within layouts/application
  Rendered static_pages/root.html.erb within layouts/application (0.4ms)
Completed 200 OK in 615ms (Views: 614.5ms | ActiveRecord: 0.0ms)


Started POST "/api/todos" for ::1 at 2022-04-14 17:43:16 -0400
Processing by Api::TodosController#create as JSON
  Parameters: {"todo"=>{"id"=>"1649972479529", "title"=>"a", "body"=>"", "done"=>"false"}}
Unpermitted parameter: :id
  [1m[35m (69.3ms)[0m  [1m[35mBEGIN[0m
  ↳ app/controllers/api/todos_controller.rb:14
  [1m[35m (13.3ms)[0m  [1m[31mROLLBACK[0m
  ↳ app/controllers/api/todos_controller.rb:14
Completed 422 Unprocessable Entity in 104ms (Views: 0.4ms | ActiveRecord: 82.6ms)


Started GET "/api/todos" for ::1 at 2022-04-14 17:43:16 -0400
Processing by Api::TodosController#index as JSON
  [1m[36mTodo Load (15.7ms)[0m  [1m[34mSELECT "todos".* FROM "todos"[0m
  ↳ app/controllers/api/todos_controller.rb:4
Completed 200 OK in 34ms (Views: 17.6ms | ActiveRecord: 15.7ms)


Started POST "/api/todos" for ::1 at 2022-04-14 17:43:26 -0400
Processing by Api::TodosController#create as JSON
  Parameters: {"todo"=>{"id"=>"1649972596240", "title"=>"a", "body"=>"", "done"=>"false"}}
Unpermitted parameter: :id
  [1m[35m (0.8ms)[0m  [1m[35mBEGIN[0m
  ↳ app/controllers/api/todos_controller.rb:14
  [1m[35m (0.3ms)[0m  [1m[31mROLLBACK[0m
  ↳ app/controllers/api/todos_controller.rb:14
Completed 422 Unprocessable Entity in 7ms (Views: 0.2ms | ActiveRecord: 1.1ms)


